<?xml version="1.0" encoding="UTF-8"?>
<!-- Generated by org.testng.reporters.JUnitXMLReporter -->
<testsuite hostname="NDI-LAP-790" ignored="0" name="Accountlogintest class Test Classes" tests="4" failures="0" timestamp="18 Dec 2018 18:45:33 GMT" time="59.221" errors="0">
  <testcase name="verifyloginWithInValidCredentials" time="9.72" classname="com.ja.test.AccountLoginTest"/>
  <testcase name="verifyloginWithInValidCredentials" time="13.061" classname="com.ja.test.AccountLoginTest"/>
  <testcase name="verifyloginWithInValidCredentials" time="13.104" classname="com.ja.test.AccountLoginTest"/>
  <testcase name="verifyloginWithValidCredentials" time="22.383" classname="com.ja.test.AccountLoginTest"/>
</testsuite> <!-- Accountlogintest class Test Classes -->
