<?xml version="1.0" encoding="UTF-8"?>
<!-- Generated by org.testng.reporters.JUnitXMLReporter -->
<testsuite hostname="NDI-LAP-790" ignored="0" name="Accountlogintest class Test Classes" tests="4" failures="0" timestamp="19 Dec 2018 19:20:15 GMT" time="55.329" errors="0">
  <testcase name="verifyloginWithInValidCredentials" time="9.599" classname="com.ja.test.AccountLoginTest"/>
  <testcase name="verifyloginWithInValidCredentials" time="11.518" classname="com.ja.test.AccountLoginTest"/>
  <testcase name="verifyloginWithInValidCredentials" time="11.609" classname="com.ja.test.AccountLoginTest"/>
  <testcase name="verifyloginWithValidCredentials" time="21.662" classname="com.ja.test.AccountLoginTest"/>
</testsuite> <!-- Accountlogintest class Test Classes -->
