<?xml version="1.0" encoding="UTF-8"?>
<!-- Generated by org.testng.reporters.JUnitXMLReporter -->
<testsuite hostname="NDI-LAP-790" ignored="0" name="Approverequesttest class Test Classes" tests="7" failures="0" timestamp="18 Dec 2018 18:46:11 GMT" time="37.667" errors="0">
  <testcase name="verifyPostAPIAndLogin" time="11.52" classname="com.ja.test.ApproveRequestTest"/>
  <testcase name="verifyRequestHeaderInApproveRequest" time="3.284" classname="com.ja.test.ApproveRequestTest"/>
  <testcase name="verifyRequestFieldsTitle" time="2.165" classname="com.ja.test.ApproveRequestTest"/>
  <testcase name="verifyTotalNumberOfCourseRequest" time="2.297" classname="com.ja.test.ApproveRequestTest"/>
  <testcase name="verifyTableHeader" time="2.272" classname="com.ja.test.ApproveRequestTest"/>
  <testcase name="verifyTableData" time="4.596" classname="com.ja.test.ApproveRequestTest"/>
  <testcase name="verifyCourseRequestApproved" time="10.714" classname="com.ja.test.ApproveRequestTest"/>
</testsuite> <!-- Approverequesttest class Test Classes -->
