<?xml version="1.0" encoding="UTF-8"?>
<!-- Generated by org.testng.reporters.JUnitXMLReporter -->
<testsuite hostname="NDI-LAP-790" ignored="0" name="Approverequesttest class Test Classes" tests="7" failures="0" timestamp="19 Dec 2018 19:20:52 GMT" time="36.466" errors="0">
  <testcase name="verifyPostAPIAndLogin" time="11.266" classname="com.ja.test.ApproveRequestTest"/>
  <testcase name="verifyRequestHeaderInApproveRequest" time="3.536" classname="com.ja.test.ApproveRequestTest"/>
  <testcase name="verifyRequestFieldsTitle" time="2.133" classname="com.ja.test.ApproveRequestTest"/>
  <testcase name="verifyTotalNumberOfCourseRequest" time="2.162" classname="com.ja.test.ApproveRequestTest"/>
  <testcase name="verifyTableHeader" time="2.145" classname="com.ja.test.ApproveRequestTest"/>
  <testcase name="verifyTableData" time="4.339" classname="com.ja.test.ApproveRequestTest"/>
  <testcase name="verifyCourseRequestApproved" time="10.391" classname="com.ja.test.ApproveRequestTest"/>
</testsuite> <!-- Approverequesttest class Test Classes -->
