<?xml version="1.0" encoding="UTF-8"?>
<!-- Generated by org.testng.reporters.JUnitXMLReporter -->
<testsuite hostname="NDI-LAP-790" ignored="0" name="Regression Test in Approverequesttest class" tests="7" failures="0" timestamp="18 Dec 2018 13:13:17 GMT" time="37.749" errors="0">
  <testcase name="verifyPostAPIAndLogin" time="11.432" classname="com.ja.test.ApproveRequestTest"/>
  <testcase name="verifyRequestHeaderInApproveRequest" time="3.577" classname="com.ja.test.ApproveRequestTest"/>
  <testcase name="verifyRequestFieldsTitle" time="2.155" classname="com.ja.test.ApproveRequestTest"/>
  <testcase name="verifyTotalNumberOfCourseRequest" time="2.217" classname="com.ja.test.ApproveRequestTest"/>
  <testcase name="verifyTableHeader" time="2.271" classname="com.ja.test.ApproveRequestTest"/>
  <testcase name="verifyTableData" time="4.542" classname="com.ja.test.ApproveRequestTest"/>
  <testcase name="verifyCourseRequestApproved" time="10.65" classname="com.ja.test.ApproveRequestTest"/>
</testsuite> <!-- Regression Test in Approverequesttest class -->
