<?xml version="1.0" encoding="UTF-8"?>
<!-- Generated by org.testng.reporters.JUnitXMLReporter -->
<testsuite hostname="NDI-LAP-790" ignored="0" name="Regression Test in Accountlogintest class" tests="4" failures="0" timestamp="18 Dec 2018 13:12:39 GMT" time="59.138" errors="0">
  <testcase name="verifyloginWithInValidCredentials" time="10.402" classname="com.ja.test.AccountLoginTest"/>
  <testcase name="verifyloginWithInValidCredentials" time="12.605" classname="com.ja.test.AccountLoginTest"/>
  <testcase name="verifyloginWithInValidCredentials" time="12.257" classname="com.ja.test.AccountLoginTest"/>
  <testcase name="verifyloginWithValidCredentials" time="22.786" classname="com.ja.test.AccountLoginTest"/>
</testsuite> <!-- Regression Test in Accountlogintest class -->
