<?xml version="1.0" encoding="UTF-8"?>
<!-- Generated by org.testng.reporters.JUnitXMLReporter -->
<testsuite hostname="NDI-LAP-790" ignored="1" name="Smoke Test in Accountlogintest class" tests="1" failures="0" timestamp="18 Dec 2018 13:44:11 GMT" time="20.846" errors="0">
  <testcase name="verifyloginWithValidCredentials" time="20.288" classname="com.ja.test.AccountLoginTest"/>
  <testcase name="verifyloginWithInValidCredentials" time="0.0" classname="com.ja.test.AccountLoginTest">
    <ignored/>
  </testcase> <!-- verifyloginWithInValidCredentials -->
</testsuite> <!-- Smoke Test in Accountlogintest class -->
