<?xml version="1.0" encoding="UTF-8"?>
<!-- Generated by org.testng.reporters.JUnitXMLReporter -->
<testsuite hostname="NDI-LAP-790" ignored="1" name="Default test" tests="1" failures="0" timestamp="18 Dec 2018 17:57:55 GMT" time="38.641" errors="0">
  <testcase name="verifyloginWithValidCredentials" time="38.146" classname="com.ja.test.AccountLoginTest"/>
  <testcase name="verifyloginWithInValidCredentials" time="0.0" classname="com.ja.test.AccountLoginTest">
    <ignored/>
  </testcase> <!-- verifyloginWithInValidCredentials -->
</testsuite> <!-- Default test -->
