<?xml version="1.0" encoding="UTF-8"?>
<testng-results skipped="0" failed="0" ignored="0" total="11" passed="11">
  <reporter-output>
  </reporter-output>
  <suite name="UAtestSuit" duration-ms="91539" started-at="2018-12-19T19:47:17Z" finished-at="2018-12-19T19:48:49Z">
    <groups>
      <group name="regression">
        <method signature="AccountLoginTest.verifyloginWithInValidCredentials(java.lang.String, java.lang.String)[pri:1, instance:com.ja.test.AccountLoginTest@e25b2fe]" name="verifyloginWithInValidCredentials" class="com.ja.test.AccountLoginTest"/>
        <method signature="AccountLoginTest.verifyloginWithValidCredentials()[pri:2, instance:com.ja.test.AccountLoginTest@e25b2fe]" name="verifyloginWithValidCredentials" class="com.ja.test.AccountLoginTest"/>
        <method signature="ApproveRequestTest.verifyPostAPIAndLogin()[pri:1, instance:com.ja.test.ApproveRequestTest@6fd02e5]" name="verifyPostAPIAndLogin" class="com.ja.test.ApproveRequestTest"/>
        <method signature="ApproveRequestTest.verifyRequestHeaderInApproveRequest()[pri:2, instance:com.ja.test.ApproveRequestTest@6fd02e5]" name="verifyRequestHeaderInApproveRequest" class="com.ja.test.ApproveRequestTest"/>
        <method signature="ApproveRequestTest.verifyCourseRequestApproved()[pri:7, instance:com.ja.test.ApproveRequestTest@6fd02e5]" name="verifyCourseRequestApproved" class="com.ja.test.ApproveRequestTest"/>
        <method signature="ApproveRequestTest.verifyRequestFieldsTitle()[pri:3, instance:com.ja.test.ApproveRequestTest@6fd02e5]" name="verifyRequestFieldsTitle" class="com.ja.test.ApproveRequestTest"/>
        <method signature="ApproveRequestTest.verifyTableData()[pri:6, instance:com.ja.test.ApproveRequestTest@6fd02e5]" name="verifyTableData" class="com.ja.test.ApproveRequestTest"/>
        <method signature="ApproveRequestTest.verifyTableHeader()[pri:5, instance:com.ja.test.ApproveRequestTest@6fd02e5]" name="verifyTableHeader" class="com.ja.test.ApproveRequestTest"/>
        <method signature="ApproveRequestTest.verifyTotalNumberOfCourseRequest()[pri:4, instance:com.ja.test.ApproveRequestTest@6fd02e5]" name="verifyTotalNumberOfCourseRequest" class="com.ja.test.ApproveRequestTest"/>
      </group> <!-- regression -->
      <group name="smoke">
        <method signature="AccountLoginTest.verifyloginWithValidCredentials()[pri:2, instance:com.ja.test.AccountLoginTest@e25b2fe]" name="verifyloginWithValidCredentials" class="com.ja.test.AccountLoginTest"/>
        <method signature="ApproveRequestTest.verifyPostAPIAndLogin()[pri:1, instance:com.ja.test.ApproveRequestTest@6fd02e5]" name="verifyPostAPIAndLogin" class="com.ja.test.ApproveRequestTest"/>
        <method signature="ApproveRequestTest.verifyRequestHeaderInApproveRequest()[pri:2, instance:com.ja.test.ApproveRequestTest@6fd02e5]" name="verifyRequestHeaderInApproveRequest" class="com.ja.test.ApproveRequestTest"/>
        <method signature="ApproveRequestTest.verifyCourseRequestApproved()[pri:7, instance:com.ja.test.ApproveRequestTest@6fd02e5]" name="verifyCourseRequestApproved" class="com.ja.test.ApproveRequestTest"/>
        <method signature="ApproveRequestTest.verifyTableData()[pri:6, instance:com.ja.test.ApproveRequestTest@6fd02e5]" name="verifyTableData" class="com.ja.test.ApproveRequestTest"/>
        <method signature="ApproveRequestTest.verifyTotalNumberOfCourseRequest()[pri:4, instance:com.ja.test.ApproveRequestTest@6fd02e5]" name="verifyTotalNumberOfCourseRequest" class="com.ja.test.ApproveRequestTest"/>
      </group> <!-- smoke -->
    </groups>
    <test name="Accountlogintest class Test Classes" duration-ms="55678" started-at="2018-12-19T19:47:17Z" finished-at="2018-12-19T19:48:13Z">
      <class name="com.ja.test.AccountLoginTest">
        <test-method status="PASS" signature="initDriver()[pri:0, instance:com.ja.test.AccountLoginTest@e25b2fe]" name="initDriver" is-config="true" duration-ms="445" started-at="2018-12-20T01:17:17Z" finished-at="2018-12-20T01:17:18Z">
          <reporter-output>
          </reporter-output>
        </test-method> <!-- initDriver -->
        <test-method status="PASS" signature="verifyloginWithInValidCredentials(java.lang.String, java.lang.String)[pri:1, instance:com.ja.test.AccountLoginTest@e25b2fe]" name="verifyloginWithInValidCredentials" duration-ms="9393" started-at="2018-12-20T01:17:18Z" description="Verification of login screen with invalid credentials" data-provider="Datafactory" finished-at="2018-12-20T01:17:27Z">
          <params>
            <param index="0">
              <value>
                <![CDATA[educator]]>
              </value>
            </param>
            <param index="1">
              <value>
                <![CDATA[passworda]]>
              </value>
            </param>
          </params>
          <reporter-output>
          </reporter-output>
        </test-method> <!-- verifyloginWithInValidCredentials -->
        <test-method status="PASS" signature="verifyloginWithInValidCredentials(java.lang.String, java.lang.String)[pri:1, instance:com.ja.test.AccountLoginTest@e25b2fe]" name="verifyloginWithInValidCredentials" duration-ms="11697" started-at="2018-12-20T01:17:27Z" description="Verification of login screen with invalid credentials" data-provider="Datafactory" finished-at="2018-12-20T01:17:39Z">
          <params>
            <param index="0">
              <value>
                <![CDATA[volunteer]]>
              </value>
            </param>
            <param index="1">
              <value>
                <![CDATA[passwordb]]>
              </value>
            </param>
          </params>
          <reporter-output>
          </reporter-output>
        </test-method> <!-- verifyloginWithInValidCredentials -->
        <test-method status="PASS" signature="verifyloginWithInValidCredentials(java.lang.String, java.lang.String)[pri:1, instance:com.ja.test.AccountLoginTest@e25b2fe]" name="verifyloginWithInValidCredentials" duration-ms="12062" started-at="2018-12-20T01:17:39Z" description="Verification of login screen with invalid credentials" data-provider="Datafactory" finished-at="2018-12-20T01:17:51Z">
          <params>
            <param index="0">
              <value>
                <![CDATA[student]]>
              </value>
            </param>
            <param index="1">
              <value>
                <![CDATA[passwordc]]>
              </value>
            </param>
          </params>
          <reporter-output>
          </reporter-output>
        </test-method> <!-- verifyloginWithInValidCredentials -->
        <test-method status="PASS" signature="verifyloginWithValidCredentials()[pri:2, instance:com.ja.test.AccountLoginTest@e25b2fe]" name="verifyloginWithValidCredentials" duration-ms="21677" started-at="2018-12-20T01:17:51Z" description="Verification of login screen with valid credentails" finished-at="2018-12-20T01:18:13Z">
          <reporter-output>
          </reporter-output>
        </test-method> <!-- verifyloginWithValidCredentials -->
        <test-method status="PASS" signature="teardown()[pri:0, instance:com.ja.test.AccountLoginTest@e25b2fe]" name="teardown" is-config="true" duration-ms="0" started-at="2018-12-20T01:18:13Z" finished-at="2018-12-20T01:18:13Z">
          <reporter-output>
          </reporter-output>
        </test-method> <!-- teardown -->
      </class> <!-- com.ja.test.AccountLoginTest -->
    </test> <!-- Accountlogintest class Test Classes -->
    <test name="Approverequesttest class Test Classes" duration-ms="35823" started-at="2018-12-19T19:48:13Z" finished-at="2018-12-19T19:48:49Z">
      <class name="com.ja.test.ApproveRequestTest">
        <test-method status="PASS" signature="initStart()[pri:0, instance:com.ja.test.ApproveRequestTest@6fd02e5]" name="initStart" is-config="true" duration-ms="5368" started-at="2018-12-20T01:17:12Z" finished-at="2018-12-20T01:17:17Z">
          <reporter-output>
          </reporter-output>
        </test-method> <!-- initStart -->
        <test-method status="PASS" signature="courseRequestAPI()[pri:0, instance:com.ja.test.ApproveRequestTest@6fd02e5]" name="courseRequestAPI" is-config="true" duration-ms="484" started-at="2018-12-20T01:18:13Z" finished-at="2018-12-20T01:18:13Z">
          <reporter-output>
          </reporter-output>
        </test-method> <!-- courseRequestAPI -->
        <test-method status="PASS" signature="verifyPostAPIAndLogin()[pri:1, instance:com.ja.test.ApproveRequestTest@6fd02e5]" name="verifyPostAPIAndLogin" duration-ms="10878" started-at="2018-12-20T01:18:13Z" description="Verification of API Post request and Login to UMS screen" finished-at="2018-12-20T01:18:24Z">
          <reporter-output>
          </reporter-output>
        </test-method> <!-- verifyPostAPIAndLogin -->
        <test-method status="PASS" signature="verifyRequestHeaderInApproveRequest()[pri:2, instance:com.ja.test.ApproveRequestTest@6fd02e5]" name="verifyRequestHeaderInApproveRequest" duration-ms="2970" started-at="2018-12-20T01:18:24Z" description="Verified the request header title on Approve Request Screen" depends-on-methods="com.ja.test.ApproveRequestTest.verifyPostAPIAndLogin" finished-at="2018-12-20T01:18:27Z">
          <reporter-output>
          </reporter-output>
        </test-method> <!-- verifyRequestHeaderInApproveRequest -->
        <test-method status="PASS" signature="verifyRequestFieldsTitle()[pri:3, instance:com.ja.test.ApproveRequestTest@6fd02e5]" name="verifyRequestFieldsTitle" duration-ms="2147" started-at="2018-12-20T01:18:27Z" description="Verified the request fields" depends-on-methods="com.ja.test.ApproveRequestTest.verifyRequestHeaderInApproveRequest" finished-at="2018-12-20T01:18:29Z">
          <reporter-output>
          </reporter-output>
        </test-method> <!-- verifyRequestFieldsTitle -->
        <test-method status="PASS" signature="verifyTotalNumberOfCourseRequest()[pri:4, instance:com.ja.test.ApproveRequestTest@6fd02e5]" name="verifyTotalNumberOfCourseRequest" duration-ms="2205" started-at="2018-12-20T01:18:29Z" description="Verifed the number of course request" depends-on-methods="com.ja.test.ApproveRequestTest.verifyRequestHeaderInApproveRequest" finished-at="2018-12-20T01:18:32Z">
          <reporter-output>
          </reporter-output>
        </test-method> <!-- verifyTotalNumberOfCourseRequest -->
        <test-method status="PASS" signature="verifyTableHeader()[pri:5, instance:com.ja.test.ApproveRequestTest@6fd02e5]" name="verifyTableHeader" duration-ms="2275" started-at="2018-12-20T01:18:32Z" description="Verified the table header in Approve Request Screeen" depends-on-methods="com.ja.test.ApproveRequestTest.verifyRequestHeaderInApproveRequest" finished-at="2018-12-20T01:18:34Z">
          <reporter-output>
          </reporter-output>
        </test-method> <!-- verifyTableHeader -->
        <test-method status="PASS" signature="verifyTableData()[pri:6, instance:com.ja.test.ApproveRequestTest@6fd02e5]" name="verifyTableData" duration-ms="4380" started-at="2018-12-20T01:18:34Z" description="Verified the table data in Approve Request Screen" depends-on-methods="com.ja.test.ApproveRequestTest.verifyRequestHeaderInApproveRequest" finished-at="2018-12-20T01:18:38Z">
          <reporter-output>
          </reporter-output>
        </test-method> <!-- verifyTableData -->
        <test-method status="PASS" signature="verifyCourseRequestApproved()[pri:7, instance:com.ja.test.ApproveRequestTest@6fd02e5]" name="verifyCourseRequestApproved" duration-ms="10469" started-at="2018-12-20T01:18:38Z" description="Verified that Course Request is Approved" depends-on-methods="com.ja.test.ApproveRequestTest.verifyRequestHeaderInApproveRequest" finished-at="2018-12-20T01:18:49Z">
          <reporter-output>
          </reporter-output>
        </test-method> <!-- verifyCourseRequestApproved -->
        <test-method status="PASS" signature="deleteRecord1()[pri:0, instance:com.ja.test.ApproveRequestTest@6fd02e5]" name="deleteRecord1" is-config="true" duration-ms="0" started-at="2018-12-20T01:18:49Z" finished-at="2018-12-20T01:18:49Z">
          <reporter-output>
          </reporter-output>
        </test-method> <!-- deleteRecord1 -->
        <test-method status="PASS" signature="tearDown()[pri:0, instance:com.ja.test.ApproveRequestTest@6fd02e5]" name="tearDown" is-config="true" duration-ms="1686" started-at="2018-12-20T01:18:49Z" finished-at="2018-12-20T01:18:50Z">
          <reporter-output>
          </reporter-output>
        </test-method> <!-- tearDown -->
      </class> <!-- com.ja.test.ApproveRequestTest -->
    </test> <!-- Approverequesttest class Test Classes -->
  </suite> <!-- UAtestSuit -->
</testng-results>
